Started GET "/" for ::1 at 2019-12-17 19:26:57 +0400
  [1m[35m (1.9ms)[0m  [1m[34mSELECT sqlite_version(*)[0m
Processing by Rails::WelcomeController#index as HTML
  Rendering /Users/admin/.rvm/rubies/ruby-2.6.5/lib/ruby/gems/2.6.0/gems/railties-6.0.2/lib/rails/templates/rails/welcome/index.html.erb
  Rendered /Users/admin/.rvm/rubies/ruby-2.6.5/lib/ruby/gems/2.6.0/gems/railties-6.0.2/lib/rails/templates/rails/welcome/index.html.erb (Duration: 7.5ms | Allocations: 483)
Completed 200 OK in 46ms (Views: 27.4ms | ActiveRecord: 0.0ms | Allocations: 2831)


Started GET "/" for ::1 at 2019-12-17 19:27:16 +0400
Processing by Rails::WelcomeController#index as HTML
  Rendering /Users/admin/.rvm/rubies/ruby-2.6.5/lib/ruby/gems/2.6.0/gems/railties-6.0.2/lib/rails/templates/rails/welcome/index.html.erb
  Rendered /Users/admin/.rvm/rubies/ruby-2.6.5/lib/ruby/gems/2.6.0/gems/railties-6.0.2/lib/rails/templates/rails/welcome/index.html.erb (Duration: 6.5ms | Allocations: 185)
Completed 200 OK in 9ms (Views: 7.8ms | ActiveRecord: 0.0ms | Allocations: 821)


Started GET "/" for ::1 at 2019-12-17 19:27:17 +0400
Processing by Rails::WelcomeController#index as HTML
  Rendering /Users/admin/.rvm/rubies/ruby-2.6.5/lib/ruby/gems/2.6.0/gems/railties-6.0.2/lib/rails/templates/rails/welcome/index.html.erb
  Rendered /Users/admin/.rvm/rubies/ruby-2.6.5/lib/ruby/gems/2.6.0/gems/railties-6.0.2/lib/rails/templates/rails/welcome/index.html.erb (Duration: 0.3ms | Allocations: 8)
Completed 200 OK in 1ms (Views: 0.6ms | ActiveRecord: 0.0ms | Allocations: 336)


Started GET "/" for ::1 at 2019-12-17 19:27:17 +0400
Processing by Rails::WelcomeController#index as HTML
  Rendering /Users/admin/.rvm/rubies/ruby-2.6.5/lib/ruby/gems/2.6.0/gems/railties-6.0.2/lib/rails/templates/rails/welcome/index.html.erb
  Rendered /Users/admin/.rvm/rubies/ruby-2.6.5/lib/ruby/gems/2.6.0/gems/railties-6.0.2/lib/rails/templates/rails/welcome/index.html.erb (Duration: 0.4ms | Allocations: 7)
Completed 200 OK in 1ms (Views: 0.8ms | ActiveRecord: 0.0ms | Allocations: 332)


Started GET "/" for ::1 at 2019-12-17 19:27:17 +0400
Processing by Rails::WelcomeController#index as HTML
  Rendering /Users/admin/.rvm/rubies/ruby-2.6.5/lib/ruby/gems/2.6.0/gems/railties-6.0.2/lib/rails/templates/rails/welcome/index.html.erb
  Rendered /Users/admin/.rvm/rubies/ruby-2.6.5/lib/ruby/gems/2.6.0/gems/railties-6.0.2/lib/rails/templates/rails/welcome/index.html.erb (Duration: 0.3ms | Allocations: 7)
Completed 200 OK in 1ms (Views: 0.7ms | ActiveRecord: 0.0ms | Allocations: 332)


Started GET "/" for ::1 at 2019-12-18 15:09:18 +0400
  [1m[35m (6.8ms)[0m  [1m[34mSELECT sqlite_version(*)[0m
Processing by Rails::WelcomeController#index as HTML
  Rendering /Users/admin/.rvm/rubies/ruby-2.6.5/lib/ruby/gems/2.6.0/gems/railties-6.0.2/lib/rails/templates/rails/welcome/index.html.erb
  Rendered /Users/admin/.rvm/rubies/ruby-2.6.5/lib/ruby/gems/2.6.0/gems/railties-6.0.2/lib/rails/templates/rails/welcome/index.html.erb (Duration: 17.6ms | Allocations: 310)
Completed 200 OK in 49ms (Views: 24.9ms | ActiveRecord: 0.0ms | Allocations: 1736)


Started GET "/static_pages/home" for ::1 at 2019-12-18 16:01:41 +0400
  [1m[35m (0.3ms)[0m  [1m[34mSELECT sqlite_version(*)[0m
Processing by StaticPagesController#home as HTML
  Rendering static_pages/home.html.erb within layouts/application
  Rendered static_pages/home.html.erb within layouts/application (Duration: 0.5ms | Allocations: 203)
[Webpacker] Compiling...
[Webpacker] Compiled all packs in /Users/admin/Desktop/projects/my_tumo_project/public/packs
[Webpacker] Hash: 53154d7baad00c6a1252
Version: webpack 4.41.3
Time: 2700ms
Built at: 12/18/2019 4:01:48 PM
                                     Asset       Size       Chunks                         Chunk Names
    js/application-0b67a3cc2fcde6055024.js    124 KiB  application  [emitted] [immutable]  application
js/application-0b67a3cc2fcde6055024.js.map    139 KiB  application  [emitted] [dev]        application
                             manifest.json  364 bytes               [emitted]              
Entrypoint application = js/application-0b67a3cc2fcde6055024.js js/application-0b67a3cc2fcde6055024.js.map
[./app/javascript/channels sync recursive _channel\.js$] ./app/javascript/channels sync _channel\.js$ 160 bytes {application} [built]
[./app/javascript/channels/index.js] 211 bytes {application} [built]
[./app/javascript/packs/application.js] 749 bytes {application} [built]
[./node_modules/webpack/buildin/module.js] (webpack)/buildin/module.js 552 bytes {application} [built]
    + 3 hidden modules

Completed 200 OK in 6735ms (Views: 6728.7ms | ActiveRecord: 0.0ms | Allocations: 19571)


Started GET "/" for ::1 at 2019-12-18 16:14:43 +0400
  [1m[35m (0.1ms)[0m  [1m[34mSELECT sqlite_version(*)[0m
Processing by StaticPagesController#home as HTML
  Rendering static_pages/home.html.erb within layouts/application
  Rendered static_pages/home.html.erb within layouts/application (Duration: 0.0ms | Allocations: 5)
[Webpacker] Everything's up-to-date. Nothing to do
Completed 200 OK in 73ms (Views: 72.5ms | ActiveRecord: 0.0ms | Allocations: 3999)


Started GET "/" for ::1 at 2019-12-19 18:39:31 +0400
  [1m[35m (0.5ms)[0m  [1m[34mSELECT sqlite_version(*)[0m
Processing by StaticPagesController#home as HTML
  Rendering static_pages/home.html.erb within layouts/application
  Rendered static_pages/home.html.erb within layouts/application (Duration: 0.6ms | Allocations: 275)
[Webpacker] Compiling...
[Webpacker] Compiled all packs in /Users/admin/Desktop/projects/my_tumo_project/public/packs
[Webpacker] Hash: 5b096a1f7d9b77e7319d
Version: webpack 4.41.3
Time: 3674ms
Built at: 12/19/2019 6:39:39 PM
                                          Asset       Size            Chunks                         Chunk Names
         js/application-6d2e9711a5222bf6fba1.js    694 KiB       application  [emitted] [immutable]  application
     js/application-6d2e9711a5222bf6fba1.js.map    796 KiB       application  [emitted] [dev]        application
    js/bootstrap_custom-458060187f11fc9c656f.js    562 KiB  bootstrap_custom  [emitted] [immutable]  bootstrap_custom
js/bootstrap_custom-458060187f11fc9c656f.js.map    649 KiB  bootstrap_custom  [emitted] [dev]        bootstrap_custom
                                  manifest.json  738 bytes                    [emitted]              
Entrypoint application = js/application-6d2e9711a5222bf6fba1.js js/application-6d2e9711a5222bf6fba1.js.map
Entrypoint bootstrap_custom = js/bootstrap_custom-458060187f11fc9c656f.js js/bootstrap_custom-458060187f11fc9c656f.js.map
[./app/javascript/channels sync recursive _channel\.js$] ./app/javascript/channels sync _channel\.js$ 160 bytes {application} [built]
[./app/javascript/channels/index.js] 211 bytes {application} [built]
[./app/javascript/packs/application.js] 819 bytes {application} [built]
[./app/javascript/packs/bootstrap_custom.js] 456 bytes {bootstrap_custom} {application} [built]
[./app/javascript/stylesheets/application.scss] 606 bytes {application} [built]
[./node_modules/css-loader/dist/cjs.js?!./node_modules/postcss-loader/src/index.js?!./node_modules/sass-loader/dist/cjs.js?!./app/javascript/stylesheets/application.scss] ./node_modules/css-loader/dist/cjs.js??ref--7-1!./node_modules/postcss-loader/src??ref--7-2!./node_modules/sass-loader/dist/cjs.js??ref--7-3!./app/javascript/stylesheets/application.scss 315 bytes {application} [built]
[./node_modules/webpack/buildin/global.js] (webpack)/buildin/global.js 878 bytes {application} {bootstrap_custom} [built]
[./node_modules/webpack/buildin/module.js] (webpack)/buildin/module.js 552 bytes {application} {bootstrap_custom} [built]
    + 20 hidden modules

Completed 200 OK in 7502ms (Views: 7497.6ms | ActiveRecord: 0.0ms | Allocations: 81681)


Started GET "/" for ::1 at 2019-12-19 18:41:47 +0400
Processing by StaticPagesController#home as HTML
  Rendering static_pages/home.html.erb within layouts/application
  Rendered static_pages/home.html.erb within layouts/application (Duration: 0.0ms | Allocations: 5)
[Webpacker] Everything's up-to-date. Nothing to do
Completed 200 OK in 85ms (Views: 84.2ms | ActiveRecord: 0.0ms | Allocations: 7128)


Started GET "/" for ::1 at 2019-12-20 16:23:03 +0400
  [1m[35m (0.5ms)[0m  [1m[34mSELECT sqlite_version(*)[0m
Processing by StaticPagesController#home as HTML
  Rendering static_pages/home.html.erb within layouts/application
  Rendered static_pages/home.html.erb within layouts/application (Duration: 0.6ms | Allocations: 203)
[Webpacker] Everything's up-to-date. Nothing to do
Completed 200 OK in 160ms (Views: 155.4ms | ActiveRecord: 0.0ms | Allocations: 16390)


Started GET "/" for ::1 at 2019-12-20 16:25:03 +0400
  [1m[35m (0.3ms)[0m  [1m[34mSELECT sqlite_version(*)[0m
Processing by StaticPagesController#home as HTML
  Rendering static_pages/home.html.erb within layouts/application
  Rendered static_pages/home.html.erb within layouts/application (Duration: 1.1ms | Allocations: 203)
[Webpacker] Everything's up-to-date. Nothing to do
Completed 200 OK in 46ms (Views: 41.3ms | ActiveRecord: 0.0ms | Allocations: 16686)


Started GET "/" for ::1 at 2019-12-20 16:25:15 +0400
Processing by StaticPagesController#home as HTML
  Rendering static_pages/home.html.erb within layouts/application
  Rendered static_pages/home.html.erb within layouts/application (Duration: 0.0ms | Allocations: 5)
[Webpacker] Everything's up-to-date. Nothing to do
Completed 200 OK in 10ms (Views: 9.3ms | ActiveRecord: 0.0ms | Allocations: 7212)


Started GET "/" for ::1 at 2019-12-20 16:25:17 +0400
Processing by StaticPagesController#home as HTML
  Rendering static_pages/home.html.erb within layouts/application
  Rendered static_pages/home.html.erb within layouts/application (Duration: 0.0ms | Allocations: 5)
[Webpacker] Everything's up-to-date. Nothing to do
Completed 200 OK in 10ms (Views: 9.2ms | ActiveRecord: 0.0ms | Allocations: 7201)


Started GET "/" for ::1 at 2019-12-20 16:25:17 +0400
Processing by StaticPagesController#home as HTML
  Rendering static_pages/home.html.erb within layouts/application
  Rendered static_pages/home.html.erb within layouts/application (Duration: 0.0ms | Allocations: 5)
[Webpacker] Everything's up-to-date. Nothing to do
Completed 200 OK in 9ms (Views: 8.8ms | ActiveRecord: 0.0ms | Allocations: 7189)


Started GET "/" for ::1 at 2019-12-20 16:25:17 +0400
Processing by StaticPagesController#home as HTML
  Rendering static_pages/home.html.erb within layouts/application
  Rendered static_pages/home.html.erb within layouts/application (Duration: 0.0ms | Allocations: 4)
[Webpacker] Everything's up-to-date. Nothing to do
Completed 200 OK in 10ms (Views: 9.0ms | ActiveRecord: 0.0ms | Allocations: 7201)


Started GET "/" for ::1 at 2019-12-20 16:25:19 +0400
Processing by StaticPagesController#home as HTML
  Rendering static_pages/home.html.erb within layouts/application
  Rendered static_pages/home.html.erb within layouts/application (Duration: 0.0ms | Allocations: 4)
[Webpacker] Everything's up-to-date. Nothing to do
Completed 200 OK in 10ms (Views: 9.3ms | ActiveRecord: 0.0ms | Allocations: 7207)


Started GET "/" for ::1 at 2019-12-20 16:25:19 +0400
Processing by StaticPagesController#home as HTML
  Rendering static_pages/home.html.erb within layouts/application
  Rendered static_pages/home.html.erb within layouts/application (Duration: 0.1ms | Allocations: 4)
[Webpacker] Everything's up-to-date. Nothing to do
Completed 200 OK in 10ms (Views: 9.1ms | ActiveRecord: 0.0ms | Allocations: 7203)


Started GET "/" for ::1 at 2019-12-20 16:25:37 +0400
  [1m[35m (0.3ms)[0m  [1m[34mSELECT sqlite_version(*)[0m
Processing by StaticPagesController#home as HTML
  Rendering static_pages/home.html.erb within layouts/application
  Rendered static_pages/home.html.erb within layouts/application (Duration: 0.6ms | Allocations: 259)
[Webpacker] Everything's up-to-date. Nothing to do
Completed 200 OK in 47ms (Views: 42.6ms | ActiveRecord: 0.0ms | Allocations: 16907)


Started GET "/" for ::1 at 2019-12-20 16:25:38 +0400
Processing by StaticPagesController#home as HTML
  Rendering static_pages/home.html.erb within layouts/application
  Rendered static_pages/home.html.erb within layouts/application (Duration: 0.0ms | Allocations: 5)
[Webpacker] Everything's up-to-date. Nothing to do
Completed 200 OK in 12ms (Views: 11.0ms | ActiveRecord: 0.0ms | Allocations: 7210)


Started GET "/" for ::1 at 2019-12-20 16:25:55 +0400
Processing by StaticPagesController#home as HTML
  Rendering static_pages/home.html.erb within layouts/application
  Rendered static_pages/home.html.erb within layouts/application (Duration: 0.0ms | Allocations: 5)
[Webpacker] Everything's up-to-date. Nothing to do
Completed 200 OK in 20ms (Views: 19.7ms | ActiveRecord: 0.0ms | Allocations: 7211)


Started GET "/" for ::1 at 2019-12-20 16:25:55 +0400
Processing by StaticPagesController#home as HTML
  Rendering static_pages/home.html.erb within layouts/application
  Rendered static_pages/home.html.erb within layouts/application (Duration: 0.0ms | Allocations: 4)
[Webpacker] Everything's up-to-date. Nothing to do
Completed 200 OK in 17ms (Views: 16.6ms | ActiveRecord: 0.0ms | Allocations: 7201)


Started GET "/" for ::1 at 2019-12-20 16:25:55 +0400
Processing by StaticPagesController#home as HTML
  Rendering static_pages/home.html.erb within layouts/application
  Rendered static_pages/home.html.erb within layouts/application (Duration: 0.0ms | Allocations: 4)
[Webpacker] Everything's up-to-date. Nothing to do
Completed 200 OK in 28ms (Views: 27.1ms | ActiveRecord: 0.0ms | Allocations: 7202)


Started GET "/" for ::1 at 2019-12-20 16:27:22 +0400
  [1m[35m (0.3ms)[0m  [1m[34mSELECT sqlite_version(*)[0m
Processing by StaticPagesController#home as HTML
  Rendering static_pages/home.html.erb within layouts/application
  Rendered static_pages/home.html.erb within layouts/application (Duration: 2.7ms | Allocations: 304)
[Webpacker] Everything's up-to-date. Nothing to do
Completed 200 OK in 44ms (Views: 39.3ms | ActiveRecord: 0.0ms | Allocations: 16889)


Started GET "/" for ::1 at 2019-12-20 16:27:31 +0400
Processing by StaticPagesController#home as HTML
  Rendering static_pages/home.html.erb within layouts/application
  Rendered static_pages/home.html.erb within layouts/application (Duration: 0.3ms | Allocations: 82)
[Webpacker] Everything's up-to-date. Nothing to do
Completed 200 OK in 13ms (Views: 11.6ms | ActiveRecord: 0.0ms | Allocations: 8194)


  [1m[35m (0.5ms)[0m  [1m[34mSELECT sqlite_version(*)[0m
  [1m[35m (9.6ms)[0m  [1m[35mCREATE TABLE "schema_migrations" ("version" varchar NOT NULL PRIMARY KEY)[0m
  [1m[35m (1.1ms)[0m  [1m[35mCREATE TABLE "ar_internal_metadata" ("key" varchar NOT NULL PRIMARY KEY, "value" varchar, "created_at" datetime(6) NOT NULL, "updated_at" datetime(6) NOT NULL)[0m
  [1m[35m (0.2ms)[0m  [1m[34mSELECT "schema_migrations"."version" FROM "schema_migrations" ORDER BY "schema_migrations"."version" ASC[0m
Migrating to DeviseCreateUsers (20191220124654)
  [1m[35m (0.1ms)[0m  [1m[36mbegin transaction[0m
  [1m[35m (0.4ms)[0m  [1m[35mCREATE TABLE "users" ("id" integer PRIMARY KEY AUTOINCREMENT NOT NULL, "email" varchar DEFAULT '' NOT NULL, "encrypted_password" varchar DEFAULT '' NOT NULL, "reset_password_token" varchar, "reset_password_sent_at" datetime, "remember_created_at" datetime, "created_at" datetime(6) NOT NULL, "updated_at" datetime(6) NOT NULL)[0m
  [1m[35m (0.1ms)[0m  [1m[35mCREATE UNIQUE INDEX "index_users_on_email" ON "users" ("email")[0m
  [1m[35m (0.2ms)[0m  [1m[35mCREATE UNIQUE INDEX "index_users_on_reset_password_token" ON "users" ("reset_password_token")[0m
  [1m[36mprimary::SchemaMigration Create (0.1ms)[0m  [1m[32mINSERT INTO "schema_migrations" ("version") VALUES (?)[0m  [["version", "20191220124654"]]
  [1m[35m (1.1ms)[0m  [1m[36mcommit transaction[0m
  [1m[36mActiveRecord::InternalMetadata Load (0.1ms)[0m  [1m[34mSELECT "ar_internal_metadata".* FROM "ar_internal_metadata" WHERE "ar_internal_metadata"."key" = ? LIMIT ?[0m  [["key", "environment"], ["LIMIT", 1]]
  [1m[35m (0.0ms)[0m  [1m[36mbegin transaction[0m
  [1m[36mActiveRecord::InternalMetadata Create (0.2ms)[0m  [1m[32mINSERT INTO "ar_internal_metadata" ("key", "value", "created_at", "updated_at") VALUES (?, ?, ?, ?)[0m  [["key", "environment"], ["value", "development"], ["created_at", "2019-12-20 12:47:19.621540"], ["updated_at", "2019-12-20 12:47:19.621540"]]
  [1m[35m (0.9ms)[0m  [1m[36mcommit transaction[0m
  [1m[35m (0.1ms)[0m  [1m[34mSELECT sqlite_version(*)[0m
  [1m[35m (0.1ms)[0m  [1m[34mSELECT "schema_migrations"."version" FROM "schema_migrations" ORDER BY "schema_migrations"."version" ASC[0m
Started GET "/users/sign_up" for ::1 at 2019-12-20 16:51:10 +0400
  [1m[35m (0.5ms)[0m  [1m[34mSELECT sqlite_version(*)[0m
  [1m[35m (0.1ms)[0m  [1m[34mSELECT "schema_migrations"."version" FROM "schema_migrations" ORDER BY "schema_migrations"."version" ASC[0m
Processing by Devise::RegistrationsController#new as HTML
  Rendering /Users/admin/.rvm/gems/ruby-2.6.5/gems/devise-4.7.1/app/views/devise/registrations/new.html.erb within layouts/application
  Rendered /Users/admin/.rvm/gems/ruby-2.6.5/gems/devise-4.7.1/app/views/devise/shared/_error_messages.html.erb (Duration: 0.4ms | Allocations: 205)
  Rendered /Users/admin/.rvm/gems/ruby-2.6.5/gems/devise-4.7.1/app/views/devise/shared/_links.html.erb (Duration: 0.9ms | Allocations: 525)
  Rendered /Users/admin/.rvm/gems/ruby-2.6.5/gems/devise-4.7.1/app/views/devise/registrations/new.html.erb within layouts/application (Duration: 131.3ms | Allocations: 9234)
[Webpacker] Everything's up-to-date. Nothing to do
Completed 200 OK in 203ms (Views: 187.8ms | ActiveRecord: 0.5ms | Allocations: 31850)


Started POST "/users" for ::1 at 2019-12-20 16:51:58 +0400
Processing by Devise::RegistrationsController#create as HTML
  Parameters: {"authenticity_token"=>"WcEhwWZzgGOWLpN9HtsBt7Jxk88+yKHlEi1MDjsBEt0LBoXoXdOZ1f60iHKC0Jk8Y8UodHqQeZZAW2X8Md39pA==", "user"=>{"email"=>"srapionipzuk@gmail.com", "password"=>"[FILTERED]", "password_confirmation"=>"[FILTERED]"}, "commit"=>"Sign up"}
  [1m[35m (0.1ms)[0m  [1m[36mbegin transaction[0m
  [1m[36mUser Exists? (0.2ms)[0m  [1m[34mSELECT 1 AS one FROM "users" WHERE "users"."email" = ? LIMIT ?[0m  [["email", "srapionipzuk@gmail.com"], ["LIMIT", 1]]
  [1m[36mUser Create (0.4ms)[0m  [1m[32mINSERT INTO "users" ("email", "encrypted_password", "created_at", "updated_at") VALUES (?, ?, ?, ?)[0m  [["email", "srapionipzuk@gmail.com"], ["encrypted_password", "$2a$11$uLULfXAZ75oW.bnpWxSpnuh8bX66H8sL0TjgjQ9Ws2f6zJL3Rif7e"], ["created_at", "2019-12-20 12:51:58.890995"], ["updated_at", "2019-12-20 12:51:58.890995"]]
  [1m[35m (1.4ms)[0m  [1m[36mcommit transaction[0m
Redirected to http://localhost:3000/
Completed 302 Found in 161ms (ActiveRecord: 2.0ms | Allocations: 11127)


Started GET "/" for ::1 at 2019-12-20 16:51:58 +0400
Processing by StaticPagesController#home as HTML
  Rendering static_pages/home.html.erb within layouts/application
  Rendered static_pages/home.html.erb within layouts/application (Duration: 0.3ms | Allocations: 87)
[Webpacker] Everything's up-to-date. Nothing to do
Completed 200 OK in 25ms (Views: 22.8ms | ActiveRecord: 0.0ms | Allocations: 8039)


Started GET "/" for ::1 at 2019-12-20 16:56:21 +0400
Processing by StaticPagesController#home as HTML
  Rendering static_pages/home.html.erb within layouts/application
  Rendered static_pages/home.html.erb within layouts/application (Duration: 0.2ms | Allocations: 85)
[Webpacker] Everything's up-to-date. Nothing to do
  [1m[36mUser Load (0.2ms)[0m  [1m[34mSELECT "users".* FROM "users" WHERE "users"."id" = ? ORDER BY "users"."id" ASC LIMIT ?[0m  [["id", 1], ["LIMIT", 1]]
  ↳ app/views/layouts/application.html.erb:42
Completed 200 OK in 13ms (Views: 12.0ms | ActiveRecord: 0.2ms | Allocations: 9660)


Started GET "/" for ::1 at 2019-12-20 16:56:22 +0400
Processing by StaticPagesController#home as HTML
  Rendering static_pages/home.html.erb within layouts/application
  Rendered static_pages/home.html.erb within layouts/application (Duration: 0.0ms | Allocations: 5)
[Webpacker] Everything's up-to-date. Nothing to do
  [1m[36mUser Load (0.1ms)[0m  [1m[34mSELECT "users".* FROM "users" WHERE "users"."id" = ? ORDER BY "users"."id" ASC LIMIT ?[0m  [["id", 1], ["LIMIT", 1]]
  ↳ app/views/layouts/application.html.erb:42
Completed 200 OK in 15ms (Views: 14.4ms | ActiveRecord: 0.1ms | Allocations: 8199)


Started GET "/users/edit" for ::1 at 2019-12-20 16:56:49 +0400
Processing by Devise::RegistrationsController#edit as HTML
  [1m[36mUser Load (0.1ms)[0m  [1m[34mSELECT "users".* FROM "users" WHERE "users"."id" = ? ORDER BY "users"."id" ASC LIMIT ?[0m  [["id", 1], ["LIMIT", 1]]
  Rendering /Users/admin/.rvm/gems/ruby-2.6.5/gems/devise-4.7.1/app/views/devise/registrations/edit.html.erb within layouts/application
  Rendered /Users/admin/.rvm/gems/ruby-2.6.5/gems/devise-4.7.1/app/views/devise/shared/_error_messages.html.erb (Duration: 0.4ms | Allocations: 195)
  Rendered /Users/admin/.rvm/gems/ruby-2.6.5/gems/devise-4.7.1/app/views/devise/registrations/edit.html.erb within layouts/application (Duration: 7.1ms | Allocations: 2315)
[Webpacker] Everything's up-to-date. Nothing to do
Completed 200 OK in 32ms (Views: 27.2ms | ActiveRecord: 0.1ms | Allocations: 12248)


Started GET "/users/edit" for ::1 at 2019-12-20 16:56:50 +0400
Processing by Devise::RegistrationsController#edit as HTML
  [1m[36mUser Load (0.1ms)[0m  [1m[34mSELECT "users".* FROM "users" WHERE "users"."id" = ? ORDER BY "users"."id" ASC LIMIT ?[0m  [["id", 1], ["LIMIT", 1]]
  Rendering /Users/admin/.rvm/gems/ruby-2.6.5/gems/devise-4.7.1/app/views/devise/registrations/edit.html.erb within layouts/application
  Rendered /Users/admin/.rvm/gems/ruby-2.6.5/gems/devise-4.7.1/app/views/devise/shared/_error_messages.html.erb (Duration: 0.0ms | Allocations: 15)
  Rendered /Users/admin/.rvm/gems/ruby-2.6.5/gems/devise-4.7.1/app/views/devise/registrations/edit.html.erb within layouts/application (Duration: 4.2ms | Allocations: 1395)
[Webpacker] Everything's up-to-date. Nothing to do
Completed 200 OK in 24ms (Views: 19.1ms | ActiveRecord: 0.1ms | Allocations: 10168)


Started GET "/users/edit" for ::1 at 2019-12-20 16:56:50 +0400
Processing by Devise::RegistrationsController#edit as HTML
  [1m[36mUser Load (0.1ms)[0m  [1m[34mSELECT "users".* FROM "users" WHERE "users"."id" = ? ORDER BY "users"."id" ASC LIMIT ?[0m  [["id", 1], ["LIMIT", 1]]
  Rendering /Users/admin/.rvm/gems/ruby-2.6.5/gems/devise-4.7.1/app/views/devise/registrations/edit.html.erb within layouts/application
  Rendered /Users/admin/.rvm/gems/ruby-2.6.5/gems/devise-4.7.1/app/views/devise/shared/_error_messages.html.erb (Duration: 0.0ms | Allocations: 15)
  Rendered /Users/admin/.rvm/gems/ruby-2.6.5/gems/devise-4.7.1/app/views/devise/registrations/edit.html.erb within layouts/application (Duration: 2.5ms | Allocations: 1390)
[Webpacker] Everything's up-to-date. Nothing to do
Completed 200 OK in 15ms (Views: 12.6ms | ActiveRecord: 0.1ms | Allocations: 10146)


Started DELETE "/users/sign_out" for ::1 at 2019-12-20 16:56:50 +0400
Processing by Devise::SessionsController#destroy as HTML
  Parameters: {"authenticity_token"=>"cmjSjOV5GDANsNYAIaQNapSRKvOTPK4/AM2A/TYueO8gr3al3tkBhmUqzQ+9r5XhRSWRSNdkdkxSu6kPPPKXlg=="}
  [1m[36mUser Load (0.1ms)[0m  [1m[34mSELECT "users".* FROM "users" WHERE "users"."id" = ? ORDER BY "users"."id" ASC LIMIT ?[0m  [["id", 1], ["LIMIT", 1]]
Redirected to http://localhost:3000/
Completed 302 Found in 11ms (ActiveRecord: 0.1ms | Allocations: 2886)


Started GET "/" for ::1 at 2019-12-20 16:56:50 +0400
Processing by StaticPagesController#home as HTML
  Rendering static_pages/home.html.erb within layouts/application
  Rendered static_pages/home.html.erb within layouts/application (Duration: 0.0ms | Allocations: 4)
[Webpacker] Everything's up-to-date. Nothing to do
Completed 200 OK in 9ms (Views: 8.9ms | ActiveRecord: 0.0ms | Allocations: 7423)


Started GET "/users/sign_up" for ::1 at 2019-12-20 16:56:52 +0400
Processing by Devise::RegistrationsController#new as HTML
  Rendering /Users/admin/.rvm/gems/ruby-2.6.5/gems/devise-4.7.1/app/views/devise/registrations/new.html.erb within layouts/application
  Rendered /Users/admin/.rvm/gems/ruby-2.6.5/gems/devise-4.7.1/app/views/devise/shared/_error_messages.html.erb (Duration: 0.0ms | Allocations: 15)
  Rendered /Users/admin/.rvm/gems/ruby-2.6.5/gems/devise-4.7.1/app/views/devise/shared/_links.html.erb (Duration: 0.7ms | Allocations: 477)
  Rendered /Users/admin/.rvm/gems/ruby-2.6.5/gems/devise-4.7.1/app/views/devise/registrations/new.html.erb within layouts/application (Duration: 3.3ms | Allocations: 2056)
[Webpacker] Everything's up-to-date. Nothing to do
Completed 200 OK in 15ms (Views: 13.8ms | ActiveRecord: 0.0ms | Allocations: 9823)


Started GET "/users/sign_in" for ::1 at 2019-12-20 16:56:52 +0400
Processing by Devise::SessionsController#new as HTML
  Rendering /Users/admin/.rvm/gems/ruby-2.6.5/gems/devise-4.7.1/app/views/devise/sessions/new.html.erb within layouts/application
  Rendered /Users/admin/.rvm/gems/ruby-2.6.5/gems/devise-4.7.1/app/views/devise/shared/_links.html.erb (Duration: 0.4ms | Allocations: 214)
  Rendered /Users/admin/.rvm/gems/ruby-2.6.5/gems/devise-4.7.1/app/views/devise/sessions/new.html.erb within layouts/application (Duration: 20.7ms | Allocations: 2034)
[Webpacker] Everything's up-to-date. Nothing to do
Completed 200 OK in 32ms (Views: 31.3ms | ActiveRecord: 0.0ms | Allocations: 10402)


Started GET "/users/sign_in" for ::1 at 2019-12-20 16:56:53 +0400
Processing by Devise::SessionsController#new as HTML
  Rendering /Users/admin/.rvm/gems/ruby-2.6.5/gems/devise-4.7.1/app/views/devise/sessions/new.html.erb within layouts/application
  Rendered /Users/admin/.rvm/gems/ruby-2.6.5/gems/devise-4.7.1/app/views/devise/shared/_links.html.erb (Duration: 0.2ms | Allocations: 134)
  Rendered /Users/admin/.rvm/gems/ruby-2.6.5/gems/devise-4.7.1/app/views/devise/sessions/new.html.erb within layouts/application (Duration: 1.6ms | Allocations: 1071)
[Webpacker] Everything's up-to-date. Nothing to do
Completed 200 OK in 13ms (Views: 12.0ms | ActiveRecord: 0.0ms | Allocations: 8658)


Started GET "/users/sign_in" for ::1 at 2019-12-20 16:56:53 +0400
Processing by Devise::SessionsController#new as HTML
  Rendering /Users/admin/.rvm/gems/ruby-2.6.5/gems/devise-4.7.1/app/views/devise/sessions/new.html.erb within layouts/application
  Rendered /Users/admin/.rvm/gems/ruby-2.6.5/gems/devise-4.7.1/app/views/devise/shared/_links.html.erb (Duration: 0.2ms | Allocations: 134)
  Rendered /Users/admin/.rvm/gems/ruby-2.6.5/gems/devise-4.7.1/app/views/devise/sessions/new.html.erb within layouts/application (Duration: 1.6ms | Allocations: 1071)
[Webpacker] Everything's up-to-date. Nothing to do
Completed 200 OK in 12ms (Views: 10.9ms | ActiveRecord: 0.0ms | Allocations: 8667)


Started GET "/users/sign_in" for ::1 at 2019-12-20 16:56:57 +0400
Processing by Devise::SessionsController#new as HTML
  Rendering /Users/admin/.rvm/gems/ruby-2.6.5/gems/devise-4.7.1/app/views/devise/sessions/new.html.erb within layouts/application
  Rendered /Users/admin/.rvm/gems/ruby-2.6.5/gems/devise-4.7.1/app/views/devise/shared/_links.html.erb (Duration: 0.2ms | Allocations: 134)
  Rendered /Users/admin/.rvm/gems/ruby-2.6.5/gems/devise-4.7.1/app/views/devise/sessions/new.html.erb within layouts/application (Duration: 1.7ms | Allocations: 1071)
[Webpacker] Everything's up-to-date. Nothing to do
Completed 200 OK in 14ms (Views: 13.2ms | ActiveRecord: 0.0ms | Allocations: 8657)


Started GET "/users/sign_up" for ::1 at 2019-12-20 16:56:57 +0400
Processing by Devise::RegistrationsController#new as HTML
  Rendering /Users/admin/.rvm/gems/ruby-2.6.5/gems/devise-4.7.1/app/views/devise/registrations/new.html.erb within layouts/application
  Rendered /Users/admin/.rvm/gems/ruby-2.6.5/gems/devise-4.7.1/app/views/devise/shared/_error_messages.html.erb (Duration: 0.0ms | Allocations: 15)
  Rendered /Users/admin/.rvm/gems/ruby-2.6.5/gems/devise-4.7.1/app/views/devise/shared/_links.html.erb (Duration: 0.2ms | Allocations: 79)
  Rendered /Users/admin/.rvm/gems/ruby-2.6.5/gems/devise-4.7.1/app/views/devise/registrations/new.html.erb within layouts/application (Duration: 2.0ms | Allocations: 1087)
[Webpacker] Everything's up-to-date. Nothing to do
Completed 200 OK in 13ms (Views: 12.1ms | ActiveRecord: 0.0ms | Allocations: 8611)


Started GET "/users/sign_in" for ::1 at 2019-12-20 16:56:58 +0400
Processing by Devise::SessionsController#new as HTML
  Rendering /Users/admin/.rvm/gems/ruby-2.6.5/gems/devise-4.7.1/app/views/devise/sessions/new.html.erb within layouts/application
  Rendered /Users/admin/.rvm/gems/ruby-2.6.5/gems/devise-4.7.1/app/views/devise/shared/_links.html.erb (Duration: 0.2ms | Allocations: 134)
  Rendered /Users/admin/.rvm/gems/ruby-2.6.5/gems/devise-4.7.1/app/views/devise/sessions/new.html.erb within layouts/application (Duration: 1.7ms | Allocations: 1071)
[Webpacker] Everything's up-to-date. Nothing to do
Completed 200 OK in 15ms (Views: 13.5ms | ActiveRecord: 0.0ms | Allocations: 8663)


Started GET "/users/sign_up" for ::1 at 2019-12-20 16:56:59 +0400
Processing by Devise::RegistrationsController#new as HTML
  Rendering /Users/admin/.rvm/gems/ruby-2.6.5/gems/devise-4.7.1/app/views/devise/registrations/new.html.erb within layouts/application
  Rendered /Users/admin/.rvm/gems/ruby-2.6.5/gems/devise-4.7.1/app/views/devise/shared/_error_messages.html.erb (Duration: 0.0ms | Allocations: 15)
  Rendered /Users/admin/.rvm/gems/ruby-2.6.5/gems/devise-4.7.1/app/views/devise/shared/_links.html.erb (Duration: 0.1ms | Allocations: 78)
  Rendered /Users/admin/.rvm/gems/ruby-2.6.5/gems/devise-4.7.1/app/views/devise/registrations/new.html.erb within layouts/application (Duration: 1.7ms | Allocations: 1078)
[Webpacker] Everything's up-to-date. Nothing to do
Completed 200 OK in 13ms (Views: 11.5ms | ActiveRecord: 0.0ms | Allocations: 8606)


Started POST "/users" for ::1 at 2019-12-20 16:57:14 +0400
Processing by Devise::RegistrationsController#create as HTML
  Parameters: {"authenticity_token"=>"yDW+IQRUHR+fKm3qiX4YhoWvSNCL0lkAT186Qb0NHj6nxCyMfcQobRqbMKCAUN8bCbHXJPBy96JWp8O4t3aDTg==", "user"=>{"email"=>"a@a.am", "password"=>"[FILTERED]", "password_confirmation"=>"[FILTERED]"}, "commit"=>"Sign up"}
  [1m[35m (0.1ms)[0m  [1m[36mbegin transaction[0m
  [1m[36mUser Exists? (0.1ms)[0m  [1m[34mSELECT 1 AS one FROM "users" WHERE "users"."email" = ? LIMIT ?[0m  [["email", "a@a.am"], ["LIMIT", 1]]
  [1m[35m (0.0ms)[0m  [1m[31mrollback transaction[0m
  Rendering /Users/admin/.rvm/gems/ruby-2.6.5/gems/devise-4.7.1/app/views/devise/registrations/new.html.erb within layouts/application
  Rendered /Users/admin/.rvm/gems/ruby-2.6.5/gems/devise-4.7.1/app/views/devise/shared/_error_messages.html.erb (Duration: 0.4ms | Allocations: 242)
  Rendered /Users/admin/.rvm/gems/ruby-2.6.5/gems/devise-4.7.1/app/views/devise/shared/_links.html.erb (Duration: 0.2ms | Allocations: 78)
  Rendered /Users/admin/.rvm/gems/ruby-2.6.5/gems/devise-4.7.1/app/views/devise/registrations/new.html.erb within layouts/application (Duration: 2.3ms | Allocations: 1309)
[Webpacker] Everything's up-to-date. Nothing to do
Completed 200 OK in 141ms (Views: 12.0ms | ActiveRecord: 0.2ms | Allocations: 15536)


Started POST "/users" for ::1 at 2019-12-20 16:57:24 +0400
Processing by Devise::RegistrationsController#create as HTML
  Parameters: {"authenticity_token"=>"Ei8sXyEyvXa4WrsJDE7buTzGoHTTwAETYSnHGliTiuCDjbOZx9hhUigkuzckLb0O+6m4GGi15dFb7NAMV0DNfg==", "user"=>{"email"=>"a@a.am", "password"=>"[FILTERED]", "password_confirmation"=>"[FILTERED]"}, "commit"=>"Sign up"}
  [1m[35m (0.1ms)[0m  [1m[36mbegin transaction[0m
  [1m[36mUser Exists? (0.1ms)[0m  [1m[34mSELECT 1 AS one FROM "users" WHERE "users"."email" = ? LIMIT ?[0m  [["email", "a@a.am"], ["LIMIT", 1]]
  [1m[36mUser Create (0.3ms)[0m  [1m[32mINSERT INTO "users" ("email", "encrypted_password", "created_at", "updated_at") VALUES (?, ?, ?, ?)[0m  [["email", "a@a.am"], ["encrypted_password", "$2a$11$5No14AudmxkMZ0xNQm7uYO418rGDH2wqiF2oFyuV3RzriS2meRXLO"], ["created_at", "2019-12-20 12:57:24.405702"], ["updated_at", "2019-12-20 12:57:24.405702"]]
  [1m[35m (1.0ms)[0m  [1m[36mcommit transaction[0m
Redirected to http://localhost:3000/
Completed 302 Found in 130ms (ActiveRecord: 1.4ms | Allocations: 6725)


Started GET "/" for ::1 at 2019-12-20 16:57:24 +0400
Processing by StaticPagesController#home as HTML
  Rendering static_pages/home.html.erb within layouts/application
  Rendered static_pages/home.html.erb within layouts/application (Duration: 0.0ms | Allocations: 4)
[Webpacker] Everything's up-to-date. Nothing to do
  [1m[36mUser Load (0.1ms)[0m  [1m[34mSELECT "users".* FROM "users" WHERE "users"."id" = ? ORDER BY "users"."id" ASC LIMIT ?[0m  [["id", 2], ["LIMIT", 1]]
  ↳ app/views/layouts/application.html.erb:42
Completed 200 OK in 24ms (Views: 22.9ms | ActiveRecord: 0.1ms | Allocations: 8232)


Started GET "/" for ::1 at 2019-12-20 16:57:32 +0400
Processing by StaticPagesController#home as HTML
  Rendering static_pages/home.html.erb within layouts/application
  Rendered static_pages/home.html.erb within layouts/application (Duration: 0.0ms | Allocations: 4)
[Webpacker] Everything's up-to-date. Nothing to do
  [1m[36mUser Load (0.1ms)[0m  [1m[34mSELECT "users".* FROM "users" WHERE "users"."id" = ? ORDER BY "users"."id" ASC LIMIT ?[0m  [["id", 2], ["LIMIT", 1]]
  ↳ app/views/layouts/application.html.erb:42
Completed 200 OK in 11ms (Views: 10.4ms | ActiveRecord: 0.1ms | Allocations: 8195)


Started GET "/" for ::1 at 2019-12-20 16:57:35 +0400
Processing by StaticPagesController#home as HTML
  Rendering static_pages/home.html.erb within layouts/application
  Rendered static_pages/home.html.erb within layouts/application (Duration: 0.0ms | Allocations: 4)
[Webpacker] Everything's up-to-date. Nothing to do
  [1m[36mUser Load (0.1ms)[0m  [1m[34mSELECT "users".* FROM "users" WHERE "users"."id" = ? ORDER BY "users"."id" ASC LIMIT ?[0m  [["id", 2], ["LIMIT", 1]]
  ↳ app/views/layouts/application.html.erb:42
Completed 200 OK in 12ms (Views: 11.0ms | ActiveRecord: 0.1ms | Allocations: 8185)


Started GET "/" for ::1 at 2019-12-20 17:01:14 +0400
Processing by StaticPagesController#home as HTML
  Rendering static_pages/home.html.erb within layouts/application
  Rendered static_pages/home.html.erb within layouts/application (Duration: 0.2ms | Allocations: 85)
[Webpacker] Everything's up-to-date. Nothing to do
  [1m[36mUser Load (0.1ms)[0m  [1m[34mSELECT "users".* FROM "users" WHERE "users"."id" = ? ORDER BY "users"."id" ASC LIMIT ?[0m  [["id", 2], ["LIMIT", 1]]
  ↳ app/views/layouts/application.html.erb:42
Completed 200 OK in 13ms (Views: 11.8ms | ActiveRecord: 0.1ms | Allocations: 9567)


Started GET "/" for ::1 at 2019-12-20 17:01:15 +0400
Processing by StaticPagesController#home as HTML
  Rendering static_pages/home.html.erb within layouts/application
  Rendered static_pages/home.html.erb within layouts/application (Duration: 0.1ms | Allocations: 4)
[Webpacker] Everything's up-to-date. Nothing to do
  [1m[36mUser Load (0.1ms)[0m  [1m[34mSELECT "users".* FROM "users" WHERE "users"."id" = ? ORDER BY "users"."id" ASC LIMIT ?[0m  [["id", 2], ["LIMIT", 1]]
  ↳ app/views/layouts/application.html.erb:42
Completed 200 OK in 11ms (Views: 10.8ms | ActiveRecord: 0.1ms | Allocations: 8192)


Started GET "/" for ::1 at 2019-12-20 17:01:18 +0400
Processing by StaticPagesController#home as HTML
  Rendering static_pages/home.html.erb within layouts/application
  Rendered static_pages/home.html.erb within layouts/application (Duration: 0.0ms | Allocations: 4)
[Webpacker] Everything's up-to-date. Nothing to do
  [1m[36mUser Load (0.1ms)[0m  [1m[34mSELECT "users".* FROM "users" WHERE "users"."id" = ? ORDER BY "users"."id" ASC LIMIT ?[0m  [["id", 2], ["LIMIT", 1]]
  ↳ app/views/layouts/application.html.erb:42
Completed 200 OK in 10ms (Views: 9.8ms | ActiveRecord: 0.1ms | Allocations: 8193)


Started GET "/" for ::1 at 2019-12-20 17:01:43 +0400
Processing by StaticPagesController#home as HTML
  Rendering static_pages/home.html.erb within layouts/application
  Rendered static_pages/home.html.erb within layouts/application (Duration: 0.3ms | Allocations: 80)
[Webpacker] Everything's up-to-date. Nothing to do
  [1m[36mUser Load (0.1ms)[0m  [1m[34mSELECT "users".* FROM "users" WHERE "users"."id" = ? ORDER BY "users"."id" ASC LIMIT ?[0m  [["id", 2], ["LIMIT", 1]]
  ↳ app/views/layouts/application.html.erb:42
Completed 200 OK in 13ms (Views: 11.9ms | ActiveRecord: 0.1ms | Allocations: 9524)


Started GET "/" for ::1 at 2019-12-20 17:01:44 +0400
Processing by StaticPagesController#home as HTML
  Rendering static_pages/home.html.erb within layouts/application
  Rendered static_pages/home.html.erb within layouts/application (Duration: 0.0ms | Allocations: 4)
[Webpacker] Everything's up-to-date. Nothing to do
  [1m[36mUser Load (0.1ms)[0m  [1m[34mSELECT "users".* FROM "users" WHERE "users"."id" = ? ORDER BY "users"."id" ASC LIMIT ?[0m  [["id", 2], ["LIMIT", 1]]
  ↳ app/views/layouts/application.html.erb:42
Completed 200 OK in 11ms (Views: 10.2ms | ActiveRecord: 0.1ms | Allocations: 8196)


Started GET "/" for ::1 at 2019-12-20 17:02:14 +0400
Processing by StaticPagesController#home as HTML
  Rendering static_pages/home.html.erb within layouts/application
  Rendered static_pages/home.html.erb within layouts/application (Duration: 0.2ms | Allocations: 77)
[Webpacker] Everything's up-to-date. Nothing to do
  [1m[36mUser Load (0.1ms)[0m  [1m[34mSELECT "users".* FROM "users" WHERE "users"."id" = ? ORDER BY "users"."id" ASC LIMIT ?[0m  [["id", 2], ["LIMIT", 1]]
  ↳ app/views/layouts/application.html.erb:42
Completed 200 OK in 13ms (Views: 12.1ms | ActiveRecord: 0.1ms | Allocations: 9546)


Started GET "/" for ::1 at 2019-12-20 17:03:30 +0400
Processing by StaticPagesController#home as HTML
  Rendering static_pages/home.html.erb within layouts/application
  Rendered static_pages/home.html.erb within layouts/application (Duration: 0.3ms | Allocations: 77)
[Webpacker] Everything's up-to-date. Nothing to do
  [1m[36mUser Load (0.1ms)[0m  [1m[34mSELECT "users".* FROM "users" WHERE "users"."id" = ? ORDER BY "users"."id" ASC LIMIT ?[0m  [["id", 2], ["LIMIT", 1]]
  ↳ app/views/layouts/application.html.erb:42
Completed 200 OK in 24ms (Views: 23.1ms | ActiveRecord: 0.1ms | Allocations: 9540)


Started GET "/" for ::1 at 2019-12-20 17:05:59 +0400
Processing by StaticPagesController#home as HTML
  Rendering static_pages/home.html.erb within layouts/application
  Rendered static_pages/home.html.erb within layouts/application (Duration: 0.2ms | Allocations: 82)
[Webpacker] Everything's up-to-date. Nothing to do
  [1m[36mUser Load (0.1ms)[0m  [1m[34mSELECT "users".* FROM "users" WHERE "users"."id" = ? ORDER BY "users"."id" ASC LIMIT ?[0m  [["id", 2], ["LIMIT", 1]]
  ↳ app/views/layouts/application.html.erb:42
Completed 200 OK in 12ms (Views: 11.3ms | ActiveRecord: 0.1ms | Allocations: 9522)


Started GET "/" for ::1 at 2019-12-20 17:06:02 +0400
Processing by StaticPagesController#home as HTML
  Rendering static_pages/home.html.erb within layouts/application
  Rendered static_pages/home.html.erb within layouts/application (Duration: 0.0ms | Allocations: 4)
[Webpacker] Everything's up-to-date. Nothing to do
  [1m[36mUser Load (0.1ms)[0m  [1m[34mSELECT "users".* FROM "users" WHERE "users"."id" = ? ORDER BY "users"."id" ASC LIMIT ?[0m  [["id", 2], ["LIMIT", 1]]
  ↳ app/views/layouts/application.html.erb:42
Completed 200 OK in 11ms (Views: 10.1ms | ActiveRecord: 0.1ms | Allocations: 8188)


Started GET "/" for ::1 at 2019-12-20 17:06:02 +0400
Processing by StaticPagesController#home as HTML
  Rendering static_pages/home.html.erb within layouts/application
  Rendered static_pages/home.html.erb within layouts/application (Duration: 0.0ms | Allocations: 4)
[Webpacker] Everything's up-to-date. Nothing to do
  [1m[36mUser Load (0.1ms)[0m  [1m[34mSELECT "users".* FROM "users" WHERE "users"."id" = ? ORDER BY "users"."id" ASC LIMIT ?[0m  [["id", 2], ["LIMIT", 1]]
  ↳ app/views/layouts/application.html.erb:42
Completed 200 OK in 11ms (Views: 10.8ms | ActiveRecord: 0.1ms | Allocations: 8195)


Started GET "/" for ::1 at 2019-12-20 17:06:04 +0400
Processing by StaticPagesController#home as HTML
  Rendering static_pages/home.html.erb within layouts/application
  Rendered static_pages/home.html.erb within layouts/application (Duration: 0.0ms | Allocations: 4)
[Webpacker] Everything's up-to-date. Nothing to do
  [1m[36mUser Load (0.1ms)[0m  [1m[34mSELECT "users".* FROM "users" WHERE "users"."id" = ? ORDER BY "users"."id" ASC LIMIT ?[0m  [["id", 2], ["LIMIT", 1]]
  ↳ app/views/layouts/application.html.erb:42
Completed 200 OK in 11ms (Views: 10.3ms | ActiveRecord: 0.1ms | Allocations: 8171)


Started GET "/" for ::1 at 2019-12-20 17:06:05 +0400
Processing by StaticPagesController#home as HTML
  Rendering static_pages/home.html.erb within layouts/application
  Rendered static_pages/home.html.erb within layouts/application (Duration: 0.0ms | Allocations: 4)
[Webpacker] Everything's up-to-date. Nothing to do
  [1m[36mUser Load (0.1ms)[0m  [1m[34mSELECT "users".* FROM "users" WHERE "users"."id" = ? ORDER BY "users"."id" ASC LIMIT ?[0m  [["id", 2], ["LIMIT", 1]]
  ↳ app/views/layouts/application.html.erb:42
Completed 200 OK in 11ms (Views: 10.2ms | ActiveRecord: 0.1ms | Allocations: 8179)


Started GET "/" for ::1 at 2019-12-20 17:35:11 +0400
  [1m[35m (0.1ms)[0m  [1m[34mSELECT sqlite_version(*)[0m
Processing by StaticPagesController#home as HTML
  Rendering static_pages/home.html.erb within layouts/application
  Rendered static_pages/home.html.erb within layouts/application (Duration: 0.2ms | Allocations: 77)
[Webpacker] Everything's up-to-date. Nothing to do
  [1m[36mUser Load (0.1ms)[0m  [1m[34mSELECT "users".* FROM "users" WHERE "users"."id" = ? ORDER BY "users"."id" ASC LIMIT ?[0m  [["id", 2], ["LIMIT", 1]]
  ↳ app/views/layouts/application.html.erb:25
Completed 200 OK in 12ms (Views: 11.3ms | ActiveRecord: 0.1ms | Allocations: 9535)


Started GET "/" for ::1 at 2019-12-20 17:35:11 +0400
Processing by StaticPagesController#home as HTML
  Rendering static_pages/home.html.erb within layouts/application
  Rendered static_pages/home.html.erb within layouts/application (Duration: 0.0ms | Allocations: 4)
[Webpacker] Everything's up-to-date. Nothing to do
  [1m[36mUser Load (0.1ms)[0m  [1m[34mSELECT "users".* FROM "users" WHERE "users"."id" = ? ORDER BY "users"."id" ASC LIMIT ?[0m  [["id", 2], ["LIMIT", 1]]
  ↳ app/views/layouts/application.html.erb:25
Completed 200 OK in 10ms (Views: 9.5ms | ActiveRecord: 0.1ms | Allocations: 8186)


